<?xml version="1.0" encoding="UTF-8"?>
<!-- Generated by org.testng.reporters.JUnitXMLReporter -->
<testsuite hostname="IT-PC" name="NwntTest" tests="54" failures="3" timestamp="16 May 2019 05:39:23 GMT" time="2743.065" errors="0">
  <testcase name="loginPageTitleTest" time="0.015" classname="com.nwnt.qa.testcases.LoginPageTest"/>
  <testcase name="loginTest" time="4.33" classname="com.nwnt.qa.testcases.LoginPageTest"/>
  <testcase name="searchAgainstCriteria" time="1.0" classname="com.nwnt.qa.testcases.HomePageTest"/>
  <testcase name="searchAgainstCriteria" time="1.133" classname="com.nwnt.qa.testcases.HomePageTest"/>
  <testcase name="searchAgainstCriteria" time="1.965" classname="com.nwnt.qa.testcases.HomePageTest"/>
  <testcase name="searchAgainstCriteria" time="1.517" classname="com.nwnt.qa.testcases.HomePageTest"/>
  <testcase name="searchAgainstCriteria" time="1.359" classname="com.nwnt.qa.testcases.HomePageTest"/>
  <testcase name="searchAgainstCriteria" time="1.294" classname="com.nwnt.qa.testcases.HomePageTest"/>
  <testcase name="searchAgainstCriteria" time="0.896" classname="com.nwnt.qa.testcases.HomePageTest"/>
  <testcase name="homePageTitleTest" time="0.009" classname="com.nwnt.qa.testcases.HomePageTest"/>
  <testcase name="clickYourProfile" time="3.325" classname="com.nwnt.qa.testcases.HomePageTest"/>
  <testcase name="clickChangePassword" time="0.416" classname="com.nwnt.qa.testcases.HomePageTest"/>
  <testcase name="clickAppointments" time="0.805" classname="com.nwnt.qa.testcases.HomePageTest"/>
  <testcase name="clickLogout" time="0.475" classname="com.nwnt.qa.testcases.HomePageTest"/>
  <testcase name="openVisitorProfile" time="2.376" classname="com.nwnt.qa.testcases.HomePageTest"/>
  <testcase name="clickAssignAppointment" time="0.487" classname="com.nwnt.qa.testcases.HomePageTest"/>
  <testcase name="clickStressometer" time="0.484" classname="com.nwnt.qa.testcases.HomePageTest"/>
  <testcase name="clickAdvancePayment" time="0.451" classname="com.nwnt.qa.testcases.HomePageTest"/>
  <testcase name="clickPrintPrescriptions" time="0.454" classname="com.nwnt.qa.testcases.HomePageTest"/>
  <testcase name="clickPrintPreviousReceipts" time="0.469" classname="com.nwnt.qa.testcases.HomePageTest"/>
  <testcase name="clickViewOpenAppointments" time="0.468" classname="com.nwnt.qa.testcases.HomePageTest"/>
  <testcase name="clickUploadPrescriptions" time="0.463" classname="com.nwnt.qa.testcases.HomePageTest"/>
  <testcase name="assignDrAppointment" time="11.26" classname="com.nwnt.qa.testcases.AssignAppointmentTest"/>
  <testcase name="assignDrAppointment" time="11.195" classname="com.nwnt.qa.testcases.AssignAppointmentTest"/>
  <testcase name="assignPnlAppointment" time="13.091" classname="com.nwnt.qa.testcases.AssignAppointmentTest"/>
  <testcase name="viewBodyMindSelectedQues" time="20.029" classname="com.nwnt.qa.testcases.UserSOMDetailTest"/>
  <testcase name="viewCircumstancesSelectedQues" time="20.03" classname="com.nwnt.qa.testcases.UserSOMDetailTest"/>
  <testcase name="viewHomeLifeSelectedQues" time="20.029" classname="com.nwnt.qa.testcases.UserSOMDetailTest"/>
  <testcase name="viewNatureSelectedQues" time="20.038" classname="com.nwnt.qa.testcases.UserSOMDetailTest"/>
  <testcase name="viewSummaryResult" time="20.025" classname="com.nwnt.qa.testcases.UserSOMDetailTest"/>
  <testcase name="viewWorkLifeSelectedQues" time="20.032" classname="com.nwnt.qa.testcases.UserSOMDetailTest"/>
  <testcase name="viewOverallResult" time="20.036" classname="com.nwnt.qa.testcases.UserSOMDetailTest"/>
  <testcase name="makeAdvancePayment" time="1.015" classname="com.nwnt.qa.testcases.AdvancePaymentPageTest"/>
  <testcase name="makeAdvancePayment" time="1.675" classname="com.nwnt.qa.testcases.AdvancePaymentPageTest"/>
  <testcase name="makeAdvancePayment" time="1.256" classname="com.nwnt.qa.testcases.AdvancePaymentPageTest"/>
  <testcase name="makeAdvancePayment" time="1.089" classname="com.nwnt.qa.testcases.AdvancePaymentPageTest"/>
  <testcase name="getNumberofPrescription" time="0.423" classname="com.nwnt.qa.testcases.AllPrescriptionPageTest"/>
  <testcase name="viewPrescription" time="0.511" classname="com.nwnt.qa.testcases.AllPrescriptionPageTest"/>
  <testcase name="sendPrescriptionMail" time="0.003" classname="com.nwnt.qa.testcases.PrintPrescriptionPageTest">
    <failure type="java.util.NoSuchElementException">
      <![CDATA[java.util.NoSuchElementException
	at java.util.LinkedHashMap$LinkedHashIterator.nextNode(Unknown Source)
	at java.util.LinkedHashMap$LinkedKeyIterator.next(Unknown Source)
	at com.nwnt.qa.pages.PrintPrescriptionsPage.switchToChildWindow(PrintPrescriptionsPage.java:57)
	at com.nwnt.qa.testcases.PrintPrescriptionPageTest.sendPrescriptionMail(PrintPrescriptionPageTest.java:41)
... Removed 24 stack frames]]>
    </failure>
  </testcase> <!-- sendPrescriptionMail -->
  <testcase name="PrintPrescription" time="0.003" classname="com.nwnt.qa.testcases.PrintPrescriptionPageTest">
    <failure type="java.util.NoSuchElementException">
      <![CDATA[java.util.NoSuchElementException
	at java.util.LinkedHashMap$LinkedHashIterator.nextNode(Unknown Source)
	at java.util.LinkedHashMap$LinkedKeyIterator.next(Unknown Source)
	at com.nwnt.qa.pages.PrintPrescriptionsPage.switchToChildWindow(PrintPrescriptionsPage.java:57)
	at com.nwnt.qa.testcases.PrintPrescriptionPageTest.PrintPrescription(PrintPrescriptionPageTest.java:51)
... Removed 24 stack frames]]>
    </failure>
  </testcase> <!-- PrintPrescription -->
  <testcase name="countViewReceipt" time="0.391" classname="com.nwnt.qa.testcases.ViewPreviousPayReceiptsTest"/>
  <testcase name="printReceipt" time="2003.996" classname="com.nwnt.qa.testcases.PrintPreviousPayReceiptTest">
    <failure type="org.sikuli.script.FindFailed" message="can not find P(D:/Amritesh/Selenium/git/NWNTAutomation/NwntPagefactory/NwntTest/src/main/java/com/nwnt/qa/sikuliObjects/CancelPrintPrescription.PNG) S: 0.7 in S(0)[0,0 1366x768]">
      <![CDATA[FindFailed: can not find P(D:/Amritesh/Selenium/git/NWNTAutomation/NwntPagefactory/NwntTest/src/main/java/com/nwnt/qa/sikuliObjects/CancelPrintPrescription.PNG) S: 0.7 in S(0)[0,0 1366x768]
  Line 2189, in file Region.java

	at org.sikuli.script.Region.handleFindFailedShowDialog(Region.java:2189)
	at org.sikuli.script.Region.handleFindFailed(Region.java:2134)
	at org.sikuli.script.Region.wait(Region.java:2546)
	at com.nwnt.qa.pages.PrintPreviousPayReceiptPage.closePrinterPage(PrintPreviousPayReceiptPage.java:28)
	at com.nwnt.qa.testcases.PrintPreviousPayReceiptTest.printReceipt(PrintPreviousPayReceiptTest.java:40)
... Removed 24 stack frames]]>
    </failure>
  </testcase> <!-- printReceipt -->
  <testcase name="Revise_adjustMedicines" time="0.07" classname="com.nwnt.qa.testcases.UploadPrescriptionTest"/>
  <testcase name="Revise_adjustMedicines" time="0.224" classname="com.nwnt.qa.testcases.UploadPrescriptionTest"/>
  <testcase name="add_saveInvestigation" time="0.38" classname="com.nwnt.qa.testcases.UploadPrescriptionTest"/>
  <testcase name="add_saveInvestigation" time="0.668" classname="com.nwnt.qa.testcases.UploadPrescriptionTest"/>
  <testcase name="add_saveInvestigation" time="0.5" classname="com.nwnt.qa.testcases.UploadPrescriptionTest"/>
  <testcase name="add_saveInvestigation" time="0.412" classname="com.nwnt.qa.testcases.UploadPrescriptionTest"/>
  <testcase name="add_saveInvestigation" time="1.131" classname="com.nwnt.qa.testcases.UploadPrescriptionTest"/>
  <testcase name="uploadLabReport" time="0.476" classname="com.nwnt.qa.testcases.UploadPrescriptionTest"/>
  <testcase name="uploadLabReport" time="0.37" classname="com.nwnt.qa.testcases.UploadPrescriptionTest"/>
  <testcase name="uploadLabReport" time="0.305" classname="com.nwnt.qa.testcases.UploadPrescriptionTest"/>
  <testcase name="uploadLabReport" time="0.316" classname="com.nwnt.qa.testcases.UploadPrescriptionTest"/>
  <testcase name="uploadLabReport" time="0.458" classname="com.nwnt.qa.testcases.UploadPrescriptionTest"/>
</testsuite> <!-- NwntTest -->
