<?xml version="1.0" encoding="UTF-8"?>
<!-- Generated by org.testng.reporters.JUnitReportReporter -->
<testsuite hostname="IT-PC" name="com.nwnt.qa.testcases.HomePageTest" tests="6" failures="1" timestamp="28 Mar 2019 10:21:01 GMT" time="59.227" errors="0">
  <testcase name="clickLogoutTest" time="8.013" classname="com.nwnt.qa.testcases.HomePageTest"/>
  <testcase name="clickingUrProfileTest" time="8.778" classname="com.nwnt.qa.testcases.HomePageTest"/>
  <testcase name="clickChangePasswordTest" time="9.754" classname="com.nwnt.qa.testcases.HomePageTest"/>
  <testcase name="homePageTitleTest" time="14.210" classname="com.nwnt.qa.testcases.HomePageTest"/>
  <testcase name="clickAppointmentsTest" time="8.938" classname="com.nwnt.qa.testcases.HomePageTest"/>
  <testcase name="clickAssignAppointmentTest" time="9.534" classname="com.nwnt.qa.testcases.HomePageTest">
    <failure type="java.lang.IndexOutOfBoundsException" message="Index: 7, Size: 7">
      <![CDATA[java.lang.IndexOutOfBoundsException: Index: 7, Size: 7
	at java.util.ArrayList.rangeCheck(Unknown Source)
	at java.util.ArrayList.get(Unknown Source)
	at com.nwnt.qa.pages.HomePage.clickBtnAssignAppointment(HomePage.java:362)
	at com.nwnt.qa.testcases.HomePageTest.clickAssignAppointmentTest(HomePageTest.java:93)
	at sun.reflect.NativeMethodAccessorImpl.invoke0(Native Method)
	at sun.reflect.NativeMethodAccessorImpl.invoke(Unknown Source)
	at sun.reflect.DelegatingMethodAccessorImpl.invoke(Unknown Source)
	at java.lang.reflect.Method.invoke(Unknown Source)
	at org.testng.internal.MethodInvocationHelper.invokeMethod(MethodInvocationHelper.java:80)
	at org.testng.internal.Invoker.invokeMethod(Invoker.java:714)
	at org.testng.internal.Invoker.invokeTestMethod(Invoker.java:901)
	at org.testng.internal.Invoker.invokeTestMethods(Invoker.java:1231)
	at org.testng.internal.TestMethodWorker.invokeTestMethods(TestMethodWorker.java:127)
	at org.testng.internal.TestMethodWorker.run(TestMethodWorker.java:111)
	at org.testng.TestRunner.privateRun(TestRunner.java:767)
	at org.testng.TestRunner.run(TestRunner.java:617)
	at org.testng.SuiteRunner.runTest(SuiteRunner.java:334)
	at org.testng.SuiteRunner.runSequentially(SuiteRunner.java:329)
	at org.testng.SuiteRunner.privateRun(SuiteRunner.java:291)
	at org.testng.SuiteRunner.run(SuiteRunner.java:240)
	at org.testng.SuiteRunnerWorker.runSuite(SuiteRunnerWorker.java:52)
	at org.testng.SuiteRunnerWorker.run(SuiteRunnerWorker.java:86)
	at org.testng.TestNG.runSuitesSequentially(TestNG.java:1198)
	at org.testng.TestNG.runSuitesLocally(TestNG.java:1123)
	at org.testng.TestNG.run(TestNG.java:1031)
	at org.testng.remote.AbstractRemoteTestNG.run(AbstractRemoteTestNG.java:132)
	at org.testng.remote.RemoteTestNG.initAndRun(RemoteTestNG.java:230)
	at org.testng.remote.RemoteTestNG.main(RemoteTestNG.java:76)
]]>
    </failure>
  </testcase> <!-- clickAssignAppointmentTest -->
</testsuite> <!-- com.nwnt.qa.testcases.HomePageTest -->
